<?xml version="1.0" encoding="UTF-8"?>
<testng-results skipped="0" failed="0" total="1" passed="1">
  <reporter-output>
  </reporter-output>
  <suite name="Test.TestClass" duration-ms="43" started-at="2017-09-27T17:30:11Z" finished-at="2017-09-27T17:30:11Z">
    <groups>
    </groups>
    <test name="Command line test" duration-ms="43" started-at="2017-09-27T17:30:11Z" finished-at="2017-09-27T17:30:11Z">
      <class name="Test.TestClass">
        <test-method status="PASS" signature="Result()[pri:0, instance:Test.TestClass@181a1bc]" name="Result" duration-ms="20" started-at="2017-09-27T13:30:11Z" finished-at="2017-09-27T13:30:11Z">
          <reporter-output>
          </reporter-output>
        </test-method> <!-- Result -->
      </class> <!-- Test.TestClass -->
    </test> <!-- Command line test -->
  </suite> <!-- Test.TestClass -->
</testng-results>
