<?xml version="1.0" encoding="UTF-8"?>
<testng-results skipped="0" failed="0" total="1" passed="1">
  <reporter-output>
  </reporter-output>
  <suite name="Suite" duration-ms="68" started-at="2017-09-27T15:42:26Z" finished-at="2017-09-27T15:42:26Z">
    <groups>
    </groups>
    <test name="Test" duration-ms="68" started-at="2017-09-27T15:42:26Z" finished-at="2017-09-27T15:42:26Z">
      <class name="Test.TestClass">
        <test-method status="PASS" signature="Result()[pri:0, instance:Test.TestClass@18ceff1]" name="Result" duration-ms="31" started-at="2017-09-27T11:42:26Z" finished-at="2017-09-27T11:42:26Z">
          <reporter-output>
          </reporter-output>
        </test-method> <!-- Result -->
      </class> <!-- Test.TestClass -->
    </test> <!-- Test -->
  </suite> <!-- Suite -->
</testng-results>
